d:\rebuild-3.16\frameworks\cocos2d-x\cocos\editor-support\dragonbones\proj.win32\debug.win32\animation.obj
d:\rebuild-3.16\frameworks\cocos2d-x\cocos\editor-support\dragonbones\proj.win32\debug.win32\basefactory.obj
d:\rebuild-3.16\frameworks\cocos2d-x\cocos\editor-support\dragonbones\proj.win32\debug.win32\timelinedata.obj
d:\rebuild-3.16\frameworks\cocos2d-x\cocos\editor-support\dragonbones\proj.win32\debug.win32\timelinestate.obj
d:\rebuild-3.16\frameworks\cocos2d-x\cocos\editor-support\dragonbones\proj.win32\debug.win32\eventobject.obj
d:\rebuild-3.16\frameworks\cocos2d-x\cocos\editor-support\dragonbones\proj.win32\debug.win32\armaturedata.obj
d:\rebuild-3.16\frameworks\cocos2d-x\cocos\editor-support\dragonbones\proj.win32\debug.win32\jsondataparser.obj
d:\rebuild-3.16\frameworks\cocos2d-x\cocos\editor-support\dragonbones\proj.win32\debug.win32\bone.obj
d:\rebuild-3.16\frameworks\cocos2d-x\cocos\editor-support\dragonbones\proj.win32\debug.win32\ccslot.obj
d:\rebuild-3.16\frameworks\cocos2d-x\cocos\editor-support\dragonbones\proj.win32\debug.win32\slot.obj
d:\rebuild-3.16\frameworks\cocos2d-x\cocos\editor-support\dragonbones\proj.win32\debug.win32\baseobject.obj
d:\rebuild-3.16\frameworks\cocos2d-x\cocos\editor-support\dragonbones\proj.win32\debug.win32\dragonbonesdata.obj
d:\rebuild-3.16\frameworks\cocos2d-x\cocos\editor-support\dragonbones\proj.win32\debug.win32\dataparser.obj
d:\rebuild-3.16\frameworks\cocos2d-x\cocos\editor-support\dragonbones\proj.win32\debug.win32\armature.obj
d:\rebuild-3.16\frameworks\cocos2d-x\cocos\editor-support\dragonbones\proj.win32\debug.win32\cctexturedata.obj
d:\rebuild-3.16\frameworks\cocos2d-x\cocos\editor-support\dragonbones\proj.win32\debug.win32\worldclock.obj
d:\rebuild-3.16\frameworks\cocos2d-x\cocos\editor-support\dragonbones\proj.win32\debug.win32\ccfactory.obj
d:\rebuild-3.16\frameworks\cocos2d-x\cocos\editor-support\dragonbones\proj.win32\debug.win32\ccarmaturedisplay.obj
d:\rebuild-3.16\frameworks\cocos2d-x\cocos\editor-support\dragonbones\proj.win32\debug.win32\animationstate.obj
d:\rebuild-3.16\frameworks\cocos2d-x\cocos\editor-support\dragonbones\proj.win32\debug.win32\animationdata.obj
d:\rebuild-3.16\frameworks\cocos2d-x\cocos\editor-support\dragonbones\proj.win32\debug.win32\framedata.obj
d:\rebuild-3.16\frameworks\cocos2d-x\cocos\editor-support\dragonbones\proj.win32\debug.win32\texturedata.obj
d:\rebuild-3.16\frameworks\cocos2d-x\cocos\editor-support\dragonbones\proj.win32\debug.win32\libdragonbones.pdb
d:\rebuild-3.16\frameworks\runtime-src\proj.win32\debug.win32\libdragonbones.lib
d:\rebuild-3.16\frameworks\cocos2d-x\cocos\editor-support\dragonbones\proj.win32\debug.win32\libdragonbones.idb
d:\rebuild-3.16\frameworks\cocos2d-x\cocos\editor-support\dragonbones\proj.win32\debug.win32\libdragonbones.tlog\cl.command.1.tlog
d:\rebuild-3.16\frameworks\cocos2d-x\cocos\editor-support\dragonbones\proj.win32\debug.win32\libdragonbones.tlog\cl.read.1.tlog
d:\rebuild-3.16\frameworks\cocos2d-x\cocos\editor-support\dragonbones\proj.win32\debug.win32\libdragonbones.tlog\cl.write.1.tlog
d:\rebuild-3.16\frameworks\cocos2d-x\cocos\editor-support\dragonbones\proj.win32\debug.win32\libdragonbones.tlog\lib-link.read.1.tlog
d:\rebuild-3.16\frameworks\cocos2d-x\cocos\editor-support\dragonbones\proj.win32\debug.win32\libdragonbones.tlog\lib-link.write.1.tlog
d:\rebuild-3.16\frameworks\cocos2d-x\cocos\editor-support\dragonbones\proj.win32\debug.win32\libdragonbones.tlog\lib.command.1.tlog
